{
  "RSpec": {
    "coverage": {
      "/Users/tammam/projects/march_2015_bootcamp/fundsy/spec/support/user_authentication_helper.rb": [
        1,
        null,
        1,
        35,
        null,
        null,
        1,
        1,
        1,
        1,
        1,
        null,
        null,
        null
      ],
      "/Users/tammam/projects/march_2015_bootcamp/fundsy/app/controllers/campaigns_controller.rb": [
        1,
        1,
        null,
        1,
        2,
        2,
        2,
        2,
        2,
        null,
        null,
        null,
        1,
        3,
        12,
        null,
        null,
        1,
        7,
        null,
        7,
        4,
        4,
        4,
        null,
        3,
        3,
        3,
        null,
        null,
        null,
        1,
        2,
        null,
        null,
        2,
        2,
        2,
        2,
        null,
        null,
        null,
        null,
        1,
        3,
        null,
        null,
        1,
        7,
        6,
        3,
        null,
        3,
        3,
        null,
        null,
        null,
        1,
        4,
        3,
        3,
        null,
        null,
        1,
        null,
        1,
        13,
        null,
        null,
        null,
        null,
        null,
        1,
        13,
        null,
        null
      ],
      "/Users/tammam/projects/march_2015_bootcamp/fundsy/app/controllers/application_controller.rb": [
        1,
        null,
        null,
        1,
        null,
        1,
        46,
        null,
        null,
        1,
        48,
        null,
        1,
        null,
        1,
        12,
        null,
        1,
        null,
        null
      ],
      "/Users/tammam/projects/march_2015_bootcamp/fundsy/spec/controllers/comments_controller_spec.rb": [
        1,
        null,
        1,
        null,
        null
      ],
      "/Users/tammam/projects/march_2015_bootcamp/fundsy/app/controllers/comments_controller.rb": [
        1,
        1,
        1,
        null,
        1,
        0,
        0,
        0,
        0,
        null,
        0,
        0,
        null,
        null,
        null,
        1,
        null,
        1,
        0,
        0,
        0,
        0,
        null,
        null,
        null,
        1,
        0,
        null,
        null,
        null
      ],
      "/Users/tammam/projects/march_2015_bootcamp/fundsy/spec/controllers/discussions_controller_spec.rb": [
        1,
        null,
        null,
        null,
        null,
        null,
        null,
        null,
        null,
        null,
        null,
        null,
        null,
        null,
        null,
        null,
        null,
        null,
        null,
        null,
        1,
        null,
        null,
        null,
        null,
        1,
        13,
        null,
        null,
        1,
        2,
        null,
        null,
        null,
        null,
        null,
        2,
        null,
        1,
        1,
        1,
        0,
        0,
        null,
        null,
        null,
        1,
        1,
        1,
        0,
        0,
        null,
        null,
        null,
        1,
        1,
        1,
        1,
        null,
        null,
        null,
        1,
        1,
        1,
        0,
        0,
        null,
        null,
        null,
        1,
        1,
        1,
        1,
        1,
        null,
        null,
        null,
        1,
        1,
        0,
        0,
        null,
        null,
        1,
        1,
        0,
        null,
        null,
        null,
        1,
        1,
        1,
        0,
        null,
        null,
        1,
        1,
        0,
        null,
        null,
        null,
        null,
        1,
        1,
        1,
        0,
        null,
        null,
        1,
        1,
        0,
        0,
        0,
        null,
        null,
        1,
        1,
        0,
        0,
        null,
        null,
        1,
        1,
        0,
        0,
        null,
        null,
        null,
        1,
        1,
        1,
        0,
        0,
        null,
        null,
        1,
        1,
        0,
        0,
        null,
        null,
        null,
        null,
        1,
        1,
        1,
        0,
        0,
        null,
        null,
        null,
        1,
        1,
        0,
        0,
        null,
        null,
        null,
        null
      ],
      "/Users/tammam/projects/march_2015_bootcamp/fundsy/app/controllers/discussions_controller.rb": [
        1,
        1,
        null,
        null,
        null,
        1,
        1,
        null,
        null,
        null,
        null,
        1,
        0,
        null,
        null,
        null,
        1,
        1,
        null,
        null,
        null,
        1,
        null,
        null,
        null,
        null,
        1,
        0,
        null,
        0,
        0,
        0,
        0,
        null,
        0,
        0,
        null,
        null,
        null,
        null,
        null,
        null,
        1,
        0,
        0,
        0,
        0,
        null,
        0,
        0,
        null,
        null,
        null,
        null,
        null,
        null,
        1,
        0,
        0,
        0,
        0,
        null,
        null,
        null,
        1,
        null,
        1,
        0,
        null,
        null,
        null,
        1,
        0,
        null,
        null
      ],
      "/Users/tammam/projects/march_2015_bootcamp/fundsy/spec/controllers/groups_controller_spec.rb": [
        1,
        null,
        null,
        null,
        null,
        null,
        null,
        null,
        null,
        null,
        null,
        null,
        null,
        null,
        null,
        null,
        null,
        null,
        null,
        null,
        1,
        null,
        null,
        null,
        null,
        1,
        13,
        null,
        null,
        1,
        2,
        null,
        null,
        null,
        null,
        null,
        2,
        null,
        1,
        1,
        1,
        0,
        0,
        null,
        null,
        null,
        1,
        1,
        1,
        0,
        0,
        null,
        null,
        null,
        1,
        1,
        1,
        1,
        null,
        null,
        null,
        1,
        1,
        1,
        0,
        0,
        null,
        null,
        null,
        1,
        1,
        1,
        1,
        1,
        null,
        null,
        null,
        1,
        1,
        0,
        0,
        null,
        null,
        1,
        1,
        0,
        null,
        null,
        null,
        1,
        1,
        1,
        0,
        null,
        null,
        1,
        1,
        0,
        null,
        null,
        null,
        null,
        1,
        1,
        1,
        0,
        null,
        null,
        1,
        1,
        0,
        0,
        0,
        null,
        null,
        1,
        1,
        0,
        0,
        null,
        null,
        1,
        1,
        0,
        0,
        null,
        null,
        null,
        1,
        1,
        1,
        0,
        0,
        null,
        null,
        1,
        1,
        0,
        0,
        null,
        null,
        null,
        null,
        1,
        1,
        1,
        0,
        0,
        null,
        null,
        null,
        1,
        1,
        0,
        0,
        null,
        null,
        null,
        null
      ],
      "/Users/tammam/projects/march_2015_bootcamp/fundsy/app/controllers/groups_controller.rb": [
        1,
        1,
        1,
        null,
        null,
        null,
        1,
        0,
        0,
        null,
        null,
        null,
        null,
        1,
        null,
        null,
        null,
        1,
        0,
        null,
        null,
        null,
        1,
        null,
        null,
        null,
        null,
        1,
        0,
        0,
        null,
        0,
        0,
        0,
        0,
        null,
        0,
        0,
        null,
        null,
        null,
        null,
        null,
        null,
        1,
        0,
        0,
        0,
        0,
        null,
        0,
        0,
        null,
        null,
        null,
        null,
        null,
        null,
        1,
        0,
        0,
        0,
        0,
        null,
        null,
        null,
        1,
        null,
        1,
        0,
        null,
        null,
        null,
        1,
        0,
        null,
        null
      ],
      "/Users/tammam/projects/march_2015_bootcamp/fundsy/spec/controllers/memberships_controller_spec.rb": [
        1,
        null,
        1,
        null,
        null
      ],
      "/Users/tammam/projects/march_2015_bootcamp/fundsy/app/controllers/memberships_controller.rb": [
        1,
        1,
        1,
        null,
        1,
        0,
        0,
        0,
        null,
        null,
        0,
        null,
        null,
        1,
        null,
        1,
        0,
        null,
        null,
        null
      ],
      "/Users/tammam/projects/march_2015_bootcamp/fundsy/spec/controllers/my_campaigns_controller_spec.rb": [
        1,
        null,
        1,
        null,
        1,
        1,
        1,
        1,
        null,
        null,
        null,
        null
      ],
      "/Users/tammam/projects/march_2015_bootcamp/fundsy/app/controllers/my_campaigns_controller.rb": [
        1,
        1,
        null,
        1,
        0,
        null,
        null,
        null,
        null
      ],
      "/Users/tammam/projects/march_2015_bootcamp/fundsy/spec/controllers/pledges_controller_spec.rb": [
        1,
        null,
        1,
        null,
        14,
        15,
        5,
        2,
        null,
        1,
        1,
        9,
        null,
        1,
        null,
        1,
        5,
        null,
        null,
        null,
        1,
        4,
        null,
        null,
        1,
        1,
        1,
        null,
        null,
        1,
        1,
        1,
        null,
        null,
        1,
        1,
        1,
        null,
        null,
        1,
        1,
        1,
        null,
        null,
        1,
        1,
        3,
        null,
        null,
        null,
        1,
        4,
        null,
        null,
        1,
        1,
        1,
        null,
        null,
        1,
        1,
        1,
        null,
        null,
        null,
        null,
        1,
        1,
        1,
        null,
        1,
        null,
        null,
        null,
        null,
        1,
        1,
        1,
        1,
        null,
        1,
        null,
        null,
        null,
        1,
        5,
        null,
        1,
        1,
        3,
        null,
        null,
        null,
        1,
        1,
        4,
        null,
        null,
        1,
        1,
        1,
        null,
        null,
        1,
        1,
        1,
        null,
        null,
        null,
        1,
        1,
        1,
        1,
        null,
        null,
        null,
        null,
        null,
        null,
        null,
        null,
        null
      ],
      "/Users/tammam/projects/march_2015_bootcamp/fundsy/app/controllers/pledges_controller.rb": [
        1,
        1,
        null,
        1,
        8,
        8,
        8,
        8,
        8,
        5,
        null,
        3,
        3,
        null,
        null,
        null,
        1,
        4,
        4,
        3,
        3,
        null,
        null,
        1,
        null,
        1,
        8,
        null,
        null
      ],
      "/Users/tammam/projects/march_2015_bootcamp/fundsy/spec/controllers/publishings_controller_spec.rb": [
        1,
        null,
        1,
        null,
        null
      ],
      "/Users/tammam/projects/march_2015_bootcamp/fundsy/app/controllers/publishings_controller.rb": [
        1,
        1,
        null,
        1,
        0,
        0,
        0,
        0,
        null,
        0,
        null,
        null,
        null
      ],
      "/Users/tammam/projects/march_2015_bootcamp/fundsy/spec/controllers/sessions_controller_spec.rb": [
        1,
        null,
        1,
        null,
        null,
        null,
        8,
        null,
        1,
        2,
        null,
        1,
        1,
        null,
        null,
        null,
        1,
        1,
        1,
        3,
        null,
        null,
        null,
        4,
        null,
        1,
        1,
        null,
        null,
        1,
        1,
        null,
        null,
        1,
        1,
        null,
        null,
        null,
        1,
        1,
        3,
        null,
        null,
        null,
        1,
        1,
        1,
        null,
        null,
        1,
        1,
        1,
        null,
        null,
        1,
        1,
        1,
        null,
        null,
        null,
        null,
        1,
        1,
        3,
        null,
        1,
        1,
        1,
        1,
        null,
        null,
        1,
        1,
        1,
        null,
        null,
        1,
        1,
        1,
        null,
        null,
        null,
        null
      ],
      "/Users/tammam/projects/march_2015_bootcamp/fundsy/app/controllers/sessions_controller.rb": [
        1,
        null,
        1,
        null,
        null,
        1,
        8,
        8,
        5,
        5,
        null,
        3,
        3,
        null,
        null,
        null,
        1,
        3,
        3,
        3,
        null,
        null
      ],
      "/Users/tammam/projects/march_2015_bootcamp/fundsy/spec/controllers/users_controller_spec.rb": [
        1,
        null,
        1,
        null,
        1,
        1,
        1,
        1,
        null,
        null,
        1,
        1,
        1,
        null,
        null,
        null,
        1,
        null,
        1,
        1,
        3,
        null,
        null,
        null,
        null,
        null,
        null,
        null,
        null,
        1,
        null,
        null,
        null,
        null,
        null,
        4,
        null,
        null,
        null,
        null,
        null,
        null,
        null,
        null,
        null,
        null,
        null,
        null,
        null,
        null,
        1,
        1,
        1,
        null,
        null,
        1,
        1,
        1,
        null,
        null,
        null,
        1,
        1,
        3,
        null,
        null,
        null,
        null,
        null,
        1,
        4,
        null,
        null,
        1,
        1,
        1,
        null,
        null,
        1,
        1,
        1,
        null,
        null,
        null,
        null
      ],
      "/Users/tammam/projects/march_2015_bootcamp/fundsy/app/controllers/users_controller.rb": [
        1,
        null,
        1,
        3,
        null,
        null,
        1,
        7,
        7,
        4,
        0,
        0,
        0,
        null,
        4,
        4,
        null,
        3,
        3,
        null,
        null,
        null,
        1,
        null,
        1,
        7,
        null,
        null,
        null
      ],
      "/Users/tammam/projects/march_2015_bootcamp/fundsy/spec/controllers/welcome_controller_spec.rb": [
        1,
        null,
        1,
        null,
        1,
        1,
        1,
        1,
        null,
        null,
        null,
        null
      ],
      "/Users/tammam/projects/march_2015_bootcamp/fundsy/app/controllers/welcome_controller.rb": [
        1,
        1,
        8,
        null,
        null
      ],
      "/Users/tammam/projects/march_2015_bootcamp/fundsy/spec/decorators/campaign_decorator_spec.rb": [
        1,
        null,
        1,
        null
      ],
      "/Users/tammam/projects/march_2015_bootcamp/fundsy/app/decorators/campaign_decorator.rb": [
        1,
        1,
        null,
        1,
        0,
        null,
        null,
        1,
        0,
        null,
        null,
        1,
        0,
        null,
        null,
        1,
        0,
        0,
        null,
        null,
        null,
        1,
        0,
        0,
        null,
        null,
        null,
        null,
        1,
        0,
        0,
        null,
        null,
        null,
        null,
        null,
        1,
        0,
        null,
        null,
        null,
        null,
        null,
        null,
        null,
        null,
        null,
        null,
        null,
        null
      ],
      "/Users/tammam/projects/march_2015_bootcamp/fundsy/app/models/campaign.rb": [
        1,
        1,
        null,
        1,
        1,
        null,
        1,
        null,
        1,
        null,
        1,
        1,
        null,
        null,
        null,
        null,
        null,
        null,
        1,
        null,
        null,
        4,
        null,
        1,
        null,
        1,
        1,
        null,
        1,
        null,
        11,
        null,
        1,
        1,
        1,
        1,
        1,
        1,
        null,
        1,
        1,
        null,
        null,
        1,
        1,
        null,
        null,
        1,
        1,
        null,
        null,
        1,
        1,
        null,
        null,
        null,
        null,
        null,
        null
      ],
      "/Users/tammam/projects/march_2015_bootcamp/fundsy/spec/features/campaigns_spec.rb": [
        1,
        null,
        1,
        2,
        null,
        1,
        1,
        1,
        1,
        null,
        null,
        1,
        1,
        1,
        null,
        null,
        1,
        3,
        3,
        null,
        1,
        1,
        1,
        null,
        null,
        1,
        1,
        1,
        null,
        null,
        null,
        null,
        null,
        1,
        null,
        1,
        1,
        null,
        1,
        null,
        1,
        null,
        1,
        1,
        0,
        null,
        0,
        null,
        0,
        0,
        0,
        null,
        null,
        null,
        null
      ],
      "/Users/tammam/projects/march_2015_bootcamp/fundsy/spec/features/sessions_spec.rb": [
        1,
        null,
        1,
        2,
        null,
        1,
        1,
        1,
        1,
        1,
        1,
        1,
        1,
        null,
        null,
        null
      ],
      "/Users/tammam/projects/march_2015_bootcamp/fundsy/spec/features/users_spec.rb": [
        1,
        null,
        1,
        null,
        1,
        1,
        1,
        1,
        null,
        null,
        1,
        1,
        1,
        1,
        1,
        1,
        null,
        null,
        1,
        1,
        null,
        null,
        null
      ],
      "/Users/tammam/projects/march_2015_bootcamp/fundsy/spec/helpers/comments_helper_spec.rb": [
        1,
        null,
        null,
        null,
        null,
        null,
        null,
        null,
        null,
        null,
        null,
        null,
        1,
        1,
        null
      ],
      "/Users/tammam/projects/march_2015_bootcamp/fundsy/spec/helpers/discussions_helper_spec.rb": [
        1,
        null,
        null,
        null,
        null,
        null,
        null,
        null,
        null,
        null,
        null,
        null,
        1,
        1,
        null
      ],
      "/Users/tammam/projects/march_2015_bootcamp/fundsy/spec/helpers/groups_helper_spec.rb": [
        1,
        null,
        null,
        null,
        null,
        null,
        null,
        null,
        null,
        null,
        null,
        null,
        1,
        1,
        null
      ],
      "/Users/tammam/projects/march_2015_bootcamp/fundsy/spec/helpers/memberships_helper_spec.rb": [
        1,
        null,
        null,
        null,
        null,
        null,
        null,
        null,
        null,
        null,
        null,
        null,
        1,
        1,
        null
      ],
      "/Users/tammam/projects/march_2015_bootcamp/fundsy/spec/helpers/my_campaigns_helper_spec.rb": [
        1,
        null,
        null,
        null,
        null,
        null,
        null,
        null,
        null,
        null,
        null,
        null,
        1,
        1,
        null
      ],
      "/Users/tammam/projects/march_2015_bootcamp/fundsy/spec/helpers/publishings_helper_spec.rb": [
        1,
        null,
        null,
        null,
        null,
        null,
        null,
        null,
        null,
        null,
        null,
        null,
        1,
        1,
        null
      ],
      "/Users/tammam/projects/march_2015_bootcamp/fundsy/spec/models/campaign_spec.rb": [
        1,
        null,
        1,
        1,
        4,
        null,
        null,
        4,
        4,
        null,
        null,
        1,
        1,
        1,
        1,
        null,
        null,
        1,
        1,
        1,
        null,
        null,
        1,
        1,
        1,
        null,
        null,
        1,
        1,
        1,
        1,
        null,
        null,
        null,
        null
      ],
      "/Users/tammam/projects/march_2015_bootcamp/fundsy/spec/models/comment_spec.rb": [
        1,
        null,
        1,
        1,
        null
      ],
      "/Users/tammam/projects/march_2015_bootcamp/fundsy/app/models/comment.rb": [
        1,
        1,
        null,
        1,
        null,
        null,
        1,
        null,
        null
      ],
      "/Users/tammam/projects/march_2015_bootcamp/fundsy/spec/models/discussion_spec.rb": [
        1,
        null,
        1,
        1,
        null
      ],
      "/Users/tammam/projects/march_2015_bootcamp/fundsy/app/models/discussion.rb": [
        1,
        1,
        null,
        1,
        null
      ],
      "/Users/tammam/projects/march_2015_bootcamp/fundsy/spec/models/group_spec.rb": [
        1,
        null,
        1,
        1,
        null
      ],
      "/Users/tammam/projects/march_2015_bootcamp/fundsy/app/models/group.rb": [
        1,
        1,
        null,
        1,
        1,
        null
      ],
      "/Users/tammam/projects/march_2015_bootcamp/fundsy/spec/models/membership_spec.rb": [
        1,
        null,
        1,
        1,
        null
      ],
      "/Users/tammam/projects/march_2015_bootcamp/fundsy/app/models/membership.rb": [
        1,
        1,
        1,
        null,
        1,
        5,
        null
      ],
      "/Users/tammam/projects/march_2015_bootcamp/fundsy/spec/models/pledge_spec.rb": [
        1,
        null,
        1,
        1,
        1,
        1,
        1,
        null,
        null,
        null
      ],
      "/Users/tammam/projects/march_2015_bootcamp/fundsy/app/models/pledge.rb": [
        1,
        1,
        1,
        null,
        1,
        null,
        null
      ],
      "/Users/tammam/projects/march_2015_bootcamp/fundsy/spec/models/reward_level_spec.rb": [
        1,
        null,
        1,
        1,
        null
      ],
      "/Users/tammam/projects/march_2015_bootcamp/fundsy/app/models/reward_level.rb": [
        1,
        1,
        null,
        1,
        1,
        null
      ],
      "/Users/tammam/projects/march_2015_bootcamp/fundsy/spec/models/user_spec.rb": [
        1,
        null,
        null,
        null,
        null,
        null,
        null,
        1,
        1,
        null,
        null,
        null,
        null,
        11,
        null,
        null,
        null,
        11,
        null,
        null,
        1,
        null,
        null,
        null,
        null,
        1,
        1,
        null,
        1,
        null,
        null,
        1,
        1,
        1,
        null,
        null,
        1,
        1,
        1,
        1,
        1,
        null,
        null,
        1,
        1,
        1,
        null,
        null,
        null,
        1,
        1,
        1,
        1,
        1,
        null,
        null,
        null,
        1,
        1,
        1,
        1,
        null,
        null,
        1,
        1,
        1,
        null,
        null,
        null,
        null
      ],
      "/Users/tammam/projects/march_2015_bootcamp/fundsy/app/models/user.rb": [
        1,
        1,
        null,
        1,
        1,
        1,
        null,
        1,
        1,
        null,
        1,
        1,
        null,
        1,
        1,
        null,
        1,
        5,
        null,
        null,
        null
      ],
      "/Users/tammam/projects/march_2015_bootcamp/fundsy/app/validators/email_validator.rb": [
        1,
        null,
        1,
        null,
        1,
        87,
        5,
        null,
        87,
        null,
        null,
        null,
        null
      ],
      "/Users/tammam/projects/march_2015_bootcamp/fundsy/spec/requests/discussions_spec.rb": [
        1,
        null,
        1,
        1,
        1,
        1,
        1,
        null,
        null,
        null
      ],
      "/Users/tammam/projects/march_2015_bootcamp/fundsy/spec/requests/groups_spec.rb": [
        1,
        null,
        1,
        1,
        1,
        1,
        1,
        null,
        null,
        null
      ],
      "/Users/tammam/projects/march_2015_bootcamp/fundsy/spec/routing/discussions_routing_spec.rb": [
        1,
        null,
        1,
        1,
        null,
        1,
        1,
        null,
        null,
        1,
        1,
        null,
        null,
        1,
        1,
        null,
        null,
        1,
        1,
        null,
        null,
        1,
        1,
        null,
        null,
        1,
        1,
        null,
        null,
        1,
        1,
        null,
        null,
        null,
        null
      ],
      "/Users/tammam/projects/march_2015_bootcamp/fundsy/spec/routing/groups_routing_spec.rb": [
        1,
        null,
        1,
        1,
        null,
        1,
        1,
        null,
        null,
        1,
        1,
        null,
        null,
        1,
        1,
        null,
        null,
        1,
        1,
        null,
        null,
        1,
        1,
        null,
        null,
        1,
        1,
        null,
        null,
        1,
        1,
        null,
        null,
        null,
        null
      ],
      "/Users/tammam/projects/march_2015_bootcamp/fundsy/spec/views/discussions/edit.html.erb_spec.rb": [
        1,
        null,
        1,
        1,
        1,
        null,
        null,
        null,
        null,
        null,
        null,
        1,
        1,
        null,
        1,
        null,
        1,
        null,
        1,
        null,
        1,
        null,
        null,
        null
      ],
      "/Users/tammam/projects/march_2015_bootcamp/fundsy/spec/views/discussions/index.html.erb_spec.rb": [
        1,
        null,
        1,
        1,
        1,
        null,
        null,
        null,
        null,
        null,
        null,
        null,
        null,
        null,
        null,
        null,
        null,
        null,
        1,
        1,
        1,
        1,
        1,
        null,
        null
      ],
      "/Users/tammam/projects/march_2015_bootcamp/fundsy/spec/views/discussions/new.html.erb_spec.rb": [
        1,
        null,
        1,
        1,
        1,
        null,
        null,
        null,
        null,
        null,
        null,
        1,
        1,
        null,
        1,
        null,
        1,
        null,
        1,
        null,
        1,
        null,
        null,
        null
      ],
      "/Users/tammam/projects/march_2015_bootcamp/fundsy/spec/views/discussions/show.html.erb_spec.rb": [
        1,
        null,
        1,
        1,
        1,
        null,
        null,
        null,
        null,
        null,
        null,
        1,
        1,
        0,
        0,
        0,
        null,
        null
      ],
      "/Users/tammam/projects/march_2015_bootcamp/fundsy/spec/views/groups/edit.html.erb_spec.rb": [
        1,
        null,
        1,
        1,
        1,
        null,
        null,
        null,
        null,
        null,
        1,
        1,
        null,
        1,
        null,
        1,
        null,
        1,
        null,
        null,
        null
      ],
      "/Users/tammam/projects/march_2015_bootcamp/fundsy/spec/views/groups/index.html.erb_spec.rb": [
        1,
        null,
        1,
        1,
        1,
        null,
        null,
        null,
        null,
        null,
        null,
        null,
        null,
        null,
        null,
        null,
        1,
        1,
        0,
        0,
        null,
        null
      ],
      "/Users/tammam/projects/march_2015_bootcamp/fundsy/spec/views/groups/new.html.erb_spec.rb": [
        1,
        null,
        1,
        1,
        1,
        null,
        null,
        null,
        null,
        null,
        1,
        1,
        null,
        1,
        null,
        1,
        null,
        1,
        null,
        null,
        null
      ],
      "/Users/tammam/projects/march_2015_bootcamp/fundsy/spec/views/groups/show.html.erb_spec.rb": [
        1,
        null,
        1,
        1,
        1,
        null,
        null,
        null,
        null,
        null,
        1,
        1,
        0,
        0,
        null,
        null
      ],
      "/Users/tammam/projects/march_2015_bootcamp/fundsy/spec/views/my_campaigns/index.html.erb_spec.rb": [
        1,
        null,
        1,
        1,
        null
      ],
      "/Users/tammam/projects/march_2015_bootcamp/fundsy/app/services/campaigns/create_campaign.rb": [
        1,
        null,
        1,
        null,
        null,
        1,
        1,
        null,
        null,
        1,
        null,
        1,
        7,
        7,
        7,
        null,
        null,
        null
      ]
    },
    "timestamp": 1430847955
  }
}
