{
  "RSpec": {
    "coverage": {
      "/Users/tammam/projects/march_2015_bootcamp/fundsy/spec/support/user_authentication_helper.rb": [
        1,
        null,
        1,
        35,
        null,
        null,
        1,
        1,
        1,
        1,
        1,
        null,
        null,
        null
      ],
      "/Users/tammam/projects/march_2015_bootcamp/fundsy/app/controllers/campaigns_controller.rb": [
        1,
        1,
        null,
        1,
        2,
        null,
        null,
        1,
        3,
        null,
        null,
        1,
        8,
        8,
        8,
        5,
        5,
        null,
        3,
        3,
        null,
        null,
        null,
        1,
        3,
        null,
        null,
        1,
        3,
        null,
        null,
        1,
        7,
        6,
        3,
        null,
        3,
        3,
        null,
        null,
        null,
        1,
        4,
        3,
        3,
        null,
        null,
        1,
        0,
        null,
        null,
        1,
        null,
        1,
        14,
        null,
        null
      ],
      "/Users/tammam/projects/march_2015_bootcamp/fundsy/app/controllers/application_controller.rb": [
        1,
        null,
        null,
        1,
        null,
        1,
        44,
        null,
        null,
        1,
        34,
        null,
        null,
        null
      ],
      "/Users/tammam/projects/march_2015_bootcamp/fundsy/spec/controllers/pledges_controller_spec.rb": [
        1,
        null,
        1,
        null,
        14,
        15,
        5,
        2,
        null,
        1,
        1,
        9,
        null,
        1,
        null,
        1,
        5,
        null,
        null,
        null,
        1,
        4,
        null,
        null,
        1,
        1,
        1,
        null,
        null,
        1,
        1,
        1,
        null,
        null,
        1,
        1,
        1,
        null,
        null,
        1,
        1,
        1,
        null,
        null,
        1,
        1,
        3,
        null,
        null,
        null,
        1,
        4,
        null,
        null,
        1,
        1,
        1,
        null,
        null,
        1,
        1,
        1,
        null,
        null,
        null,
        null,
        1,
        1,
        1,
        null,
        1,
        null,
        null,
        null,
        null,
        1,
        1,
        1,
        1,
        null,
        1,
        null,
        null,
        null,
        1,
        5,
        null,
        1,
        1,
        3,
        null,
        null,
        null,
        1,
        1,
        4,
        null,
        null,
        1,
        1,
        1,
        null,
        null,
        1,
        1,
        1,
        null,
        null,
        null,
        1,
        1,
        1,
        1,
        null,
        null,
        null,
        null,
        null,
        null,
        null,
        null,
        null
      ],
      "/Users/tammam/projects/march_2015_bootcamp/fundsy/app/controllers/pledges_controller.rb": [
        1,
        1,
        null,
        1,
        8,
        8,
        8,
        8,
        8,
        5,
        null,
        3,
        3,
        null,
        null,
        null,
        1,
        4,
        4,
        3,
        3,
        null,
        null,
        1,
        null,
        1,
        8,
        null,
        null
      ],
      "/Users/tammam/projects/march_2015_bootcamp/fundsy/spec/controllers/sessions_controller_spec.rb": [
        1,
        null,
        1,
        null,
        null,
        null,
        8,
        null,
        1,
        2,
        null,
        1,
        1,
        null,
        null,
        null,
        1,
        1,
        1,
        3,
        null,
        null,
        null,
        4,
        null,
        1,
        1,
        null,
        null,
        1,
        1,
        null,
        null,
        1,
        1,
        null,
        null,
        null,
        1,
        1,
        3,
        null,
        null,
        null,
        1,
        1,
        1,
        null,
        null,
        1,
        1,
        1,
        null,
        null,
        1,
        1,
        1,
        null,
        null,
        null,
        null,
        1,
        1,
        3,
        null,
        1,
        1,
        1,
        1,
        null,
        null,
        1,
        1,
        1,
        null,
        null,
        1,
        1,
        1,
        null,
        null,
        null,
        null
      ],
      "/Users/tammam/projects/march_2015_bootcamp/fundsy/app/controllers/sessions_controller.rb": [
        1,
        null,
        1,
        null,
        null,
        1,
        8,
        8,
        5,
        5,
        null,
        3,
        3,
        null,
        null,
        null,
        1,
        3,
        3,
        3,
        null,
        null
      ],
      "/Users/tammam/projects/march_2015_bootcamp/fundsy/spec/controllers/users_controller_spec.rb": [
        1,
        null,
        1,
        null,
        1,
        1,
        1,
        1,
        null,
        null,
        1,
        1,
        1,
        null,
        null,
        null,
        1,
        null,
        1,
        1,
        3,
        null,
        null,
        null,
        null,
        null,
        null,
        null,
        null,
        1,
        null,
        null,
        null,
        null,
        null,
        4,
        null,
        null,
        null,
        null,
        null,
        null,
        null,
        null,
        null,
        null,
        null,
        null,
        null,
        null,
        1,
        1,
        1,
        null,
        null,
        1,
        1,
        1,
        null,
        null,
        null,
        1,
        1,
        3,
        null,
        null,
        null,
        null,
        null,
        1,
        4,
        null,
        null,
        1,
        1,
        1,
        null,
        null,
        1,
        1,
        1,
        null,
        null,
        null,
        null
      ],
      "/Users/tammam/projects/march_2015_bootcamp/fundsy/app/controllers/users_controller.rb": [
        1,
        null,
        1,
        3,
        null,
        null,
        1,
        7,
        7,
        4,
        4,
        null,
        3,
        3,
        null,
        null,
        null,
        1,
        null,
        1,
        7,
        null,
        null,
        null
      ],
      "/Users/tammam/projects/march_2015_bootcamp/fundsy/spec/controllers/welcome_controller_spec.rb": [
        1,
        null,
        1,
        null,
        1,
        1,
        1,
        1,
        null,
        null,
        null,
        null
      ],
      "/Users/tammam/projects/march_2015_bootcamp/fundsy/app/controllers/welcome_controller.rb": [
        1,
        1,
        8,
        null,
        null
      ],
      "/Users/tammam/projects/march_2015_bootcamp/fundsy/spec/features/campaigns_spec.rb": [
        1,
        null,
        1,
        2,
        null,
        1,
        1,
        1,
        1,
        null,
        null,
        1,
        1,
        1,
        null,
        null,
        1,
        3,
        3,
        null,
        1,
        1,
        1,
        null,
        null,
        1,
        1,
        1,
        null,
        null,
        null,
        null,
        null,
        1,
        null,
        1,
        1,
        null,
        1,
        null,
        1,
        null,
        1,
        1,
        1,
        null,
        1,
        null,
        1,
        1,
        1,
        null,
        null,
        null,
        null
      ],
      "/Users/tammam/projects/march_2015_bootcamp/fundsy/spec/features/sessions_spec.rb": [
        1,
        null,
        1,
        2,
        null,
        1,
        1,
        1,
        1,
        1,
        1,
        1,
        1,
        null,
        null,
        null
      ],
      "/Users/tammam/projects/march_2015_bootcamp/fundsy/spec/features/users_spec.rb": [
        1,
        null,
        1,
        null,
        1,
        1,
        1,
        1,
        null,
        null,
        1,
        1,
        1,
        1,
        1,
        1,
        null,
        null,
        1,
        1,
        null,
        null,
        null
      ],
      "/Users/tammam/projects/march_2015_bootcamp/fundsy/spec/models/campaign_spec.rb": [
        1,
        null,
        1,
        1,
        4,
        null,
        null,
        4,
        4,
        null,
        null,
        1,
        1,
        1,
        1,
        null,
        null,
        1,
        1,
        1,
        null,
        null,
        1,
        1,
        1,
        null,
        null,
        1,
        1,
        1,
        1,
        null,
        null,
        null,
        null
      ],
      "/Users/tammam/projects/march_2015_bootcamp/fundsy/app/models/campaign.rb": [
        1,
        1,
        1,
        null,
        1,
        1,
        null,
        1,
        null,
        9,
        null,
        null
      ],
      "/Users/tammam/projects/march_2015_bootcamp/fundsy/spec/models/pledge_spec.rb": [
        1,
        null,
        1,
        1,
        1,
        1,
        1,
        null,
        null,
        null
      ],
      "/Users/tammam/projects/march_2015_bootcamp/fundsy/app/models/pledge.rb": [
        1,
        1,
        1,
        null,
        1,
        null,
        null
      ],
      "/Users/tammam/projects/march_2015_bootcamp/fundsy/spec/models/user_spec.rb": [
        1,
        null,
        null,
        null,
        null,
        null,
        null,
        1,
        1,
        null,
        null,
        null,
        null,
        11,
        null,
        null,
        null,
        11,
        null,
        null,
        1,
        null,
        null,
        null,
        null,
        1,
        1,
        null,
        1,
        null,
        null,
        1,
        1,
        1,
        null,
        null,
        1,
        1,
        1,
        1,
        1,
        null,
        null,
        1,
        1,
        1,
        null,
        null,
        null,
        1,
        1,
        1,
        1,
        1,
        null,
        null,
        null,
        1,
        1,
        1,
        1,
        null,
        null,
        1,
        1,
        1,
        null,
        null,
        null,
        null
      ],
      "/Users/tammam/projects/march_2015_bootcamp/fundsy/app/models/user.rb": [
        1,
        1,
        null,
        1,
        1,
        null,
        1,
        1,
        null,
        1,
        2,
        null,
        null,
        null
      ],
      "/Users/tammam/projects/march_2015_bootcamp/fundsy/app/validators/email_validator.rb": [
        1,
        null,
        1,
        null,
        1,
        87,
        5,
        null,
        87,
        null,
        null,
        null,
        null
      ]
    },
    "timestamp": 1429901059
  }
}
